_XSERVTransmkdir: ERROR: euid != 0,directory /tmp/.X11-unix will not be created.

Xvnc TigerVNC 1.7.0 - built Dec  5 2017 09:25:01
Copyright (C) 1999-2016 TigerVNC Team and many others (see README.txt)
See http://www.tigervnc.org for information on TigerVNC.
Underlying X server release 11905000, The X.Org Foundation


Mon May 27 08:14:57 2019
 vncext:      VNC extension running!
 vncext:      Listening for VNC connections on local interface(s), port 5911
 vncext:      created VNC server for screen 0

Mon May 27 08:15:30 2019
 Connections: accepted: 127.0.0.1::45120
 SConnection: Client needs protocol version 3.8
 SConnection: Client requests security type VncAuth(2)
 VNCSConnST:  Server default pixel format depth 24 (32bpp) little-endian rgb888
 VNCSConnST:  Client pixel format depth 24 (32bpp) little-endian rgb888

Mon May 27 08:15:33 2019
 Connections: closed: 127.0.0.1::45120 (Clean disconnection)
 EncodeManager: Framebuffer updates: 4
 EncodeManager:   Tight:
 EncodeManager:     Solid: 117 rects, 2.59972 Mpixels
 EncodeManager:            1.82812 KiB (1:5555.71 ratio)
 EncodeManager:     Bitmap RLE: 31 rects, 35.624 kpixels
 EncodeManager:                 1.08594 KiB (1:128.478 ratio)
 EncodeManager:     Indexed RLE: 270 rects, 615.717 kpixels
 EncodeManager:                  41.373 KiB (1:58.2096 ratio)
 EncodeManager:   Tight (JPEG):
 EncodeManager:     Full Colour: 37 rects, 271.658 kpixels
 EncodeManager:                  97.1582 KiB (1:10.9265 ratio)
 EncodeManager:   Total: 455 rects, 3.52272 Mpixels
 EncodeManager:          141.445 KiB (1:97.3235 ratio)
Warning: VNC extension does not support -reset, terminating instead. Use -noreset to prevent termination.
